<?xml version="1.0" encoding="UTF-8"?>
<testng-results skipped="0" failed="0" total="1" passed="1">
  <reporter-output>
  </reporter-output>
  <suite name="Surefire suite" duration-ms="192" started-at="2018-04-28T14:42:54Z" finished-at="2018-04-28T14:42:54Z">
    <groups>
    </groups>
    <test name="Surefire test" duration-ms="192" started-at="2018-04-28T14:42:54Z" finished-at="2018-04-28T14:42:54Z">
      <class name="se.hasa.itest.TempTest">
        <test-method status="PASS" signature="testOne()[pri:0, instance:se.hasa.itest.TempTest@1877ab81]" name="testOne" duration-ms="178" started-at="2018-04-28T20:12:54Z" finished-at="2018-04-28T20:12:54Z">
          <reporter-output>
          </reporter-output>
        </test-method> <!-- testOne -->
      </class> <!-- se.hasa.itest.TempTest -->
    </test> <!-- Surefire test -->
  </suite> <!-- Surefire suite -->
</testng-results>
